<?xml version="1.0" encoding="UTF-8"?>
<!-- Generated by org.testng.reporters.JUnitXMLReporter -->
<testsuite ignored="0" hostname="DESKTOP-MG56N09" failures="0" tests="4" name="Default test" time="0.089" errors="0" timestamp="2023-06-02T11:54:02 IST">
  <testcase classname="testng.suite.automation2.Scroll1" name="executescroll3" time="0.008"/>
  <testcase classname="testng.suite.automation2.Scroll1" name="executescroll4" time="0.002"/>
  <testcase classname="testng.suite.automation2.Scroll1" name="executescroll5" time="0.003"/>
  <testcase classname="testng.suite.automation2.Scroll1" name="executescroll2" time="0.004"/>
</testsuite> <!-- Default test -->
