<?xml version="1.0" encoding="UTF-8"?>
<testng-results ignored="0" total="4" passed="4" failed="0" skipped="0">
  <reporter-output>
  </reporter-output>
  <suite started-at="2023-06-02T11:57:45 IST" name="Suite" finished-at="2023-06-02T11:57:45 IST" duration-ms="107">
    <groups>
      <group name="group2">
        <method signature="Scroll1.executescroll3()[pri:1, instance:testng.suite.automation2.Scroll1@2f217633]" name="executescroll3" class="testng.suite.automation2.Scroll1"/>
        <method signature="Scroll1.executescroll4()[pri:1, instance:testng.suite.automation2.Scroll1@2f217633]" name="executescroll4" class="testng.suite.automation2.Scroll1"/>
      </group> <!-- group2 -->
      <group name="group1">
        <method signature="Scroll1.executescroll2()[pri:2, instance:testng.suite.automation2.Scroll1@2f217633]" name="executescroll2" class="testng.suite.automation2.Scroll1"/>
        <method signature="Scroll1.executescroll5()[pri:1, instance:testng.suite.automation2.Scroll1@2f217633]" name="executescroll5" class="testng.suite.automation2.Scroll1"/>
      </group> <!-- group1 -->
    </groups>
    <test started-at="2023-06-02T11:57:45 IST" name="Test" finished-at="2023-06-02T11:57:45 IST" duration-ms="107">
      <class name="testng.suite.automation2.Scroll1">
        <test-method is-config="true" signature="checksuite()[pri:0, instance:testng.suite.automation2.Scroll1@2f217633]" started-at="2023-06-02T11:57:45 IST" name="checksuite" finished-at="2023-06-02T11:57:45 IST" duration-ms="10" status="PASS">
          <reporter-output>
          </reporter-output>
        </test-method> <!-- checksuite -->
        <test-method is-config="true" signature="checkbeforeTest()[pri:0, instance:testng.suite.automation2.Scroll1@2f217633]" started-at="2023-06-02T11:57:45 IST" name="checkbeforeTest" finished-at="2023-06-02T11:57:45 IST" duration-ms="1" status="PASS">
          <reporter-output>
          </reporter-output>
        </test-method> <!-- checkbeforeTest -->
        <test-method is-config="true" signature="checkclass()[pri:0, instance:testng.suite.automation2.Scroll1@2f217633]" started-at="2023-06-02T11:57:45 IST" name="checkclass" finished-at="2023-06-02T11:57:45 IST" duration-ms="2" status="PASS">
          <reporter-output>
          </reporter-output>
        </test-method> <!-- checkclass -->
        <test-method is-config="true" signature="checkmethod()[pri:0, instance:testng.suite.automation2.Scroll1@2f217633]" started-at="2023-06-02T11:57:45 IST" name="checkmethod" finished-at="2023-06-02T11:57:45 IST" duration-ms="1" status="PASS">
          <reporter-output>
          </reporter-output>
        </test-method> <!-- checkmethod -->
        <test-method is-config="true" signature="checkmethod()[pri:0, instance:testng.suite.automation2.Scroll1@2f217633]" started-at="2023-06-02T11:57:45 IST" name="checkmethod" finished-at="2023-06-02T11:57:45 IST" duration-ms="1" status="PASS">
          <reporter-output>
          </reporter-output>
        </test-method> <!-- checkmethod -->
        <test-method signature="executescroll4()[pri:1, instance:testng.suite.automation2.Scroll1@2f217633]" started-at="2023-06-02T11:57:45 IST" name="executescroll4" description="Executing scroll" finished-at="2023-06-02T11:57:45 IST" duration-ms="12" status="PASS">
          <reporter-output>
          </reporter-output>
        </test-method> <!-- executescroll4 -->
        <test-method signature="executescroll3()[pri:1, instance:testng.suite.automation2.Scroll1@2f217633]" started-at="2023-06-02T11:57:45 IST" name="executescroll3" description="Executing scroll" finished-at="2023-06-02T11:57:45 IST" duration-ms="14" status="PASS">
          <reporter-output>
          </reporter-output>
        </test-method> <!-- executescroll3 -->
        <test-method is-config="true" signature="checkaftermethod()[pri:0, instance:testng.suite.automation2.Scroll1@2f217633]" started-at="2023-06-02T11:57:45 IST" name="checkaftermethod" finished-at="2023-06-02T11:57:45 IST" duration-ms="1" status="PASS">
          <reporter-output>
          </reporter-output>
        </test-method> <!-- checkaftermethod -->
        <test-method is-config="true" signature="checkaftermethod()[pri:0, instance:testng.suite.automation2.Scroll1@2f217633]" started-at="2023-06-02T11:57:45 IST" name="checkaftermethod" finished-at="2023-06-02T11:57:45 IST" duration-ms="1" status="PASS">
          <reporter-output>
          </reporter-output>
        </test-method> <!-- checkaftermethod -->
        <test-method is-config="true" signature="checkmethod()[pri:0, instance:testng.suite.automation2.Scroll1@2f217633]" started-at="2023-06-02T11:57:45 IST" name="checkmethod" finished-at="2023-06-02T11:57:45 IST" duration-ms="0" status="PASS">
          <reporter-output>
          </reporter-output>
        </test-method> <!-- checkmethod -->
        <test-method is-config="true" signature="checkmethod()[pri:0, instance:testng.suite.automation2.Scroll1@2f217633]" started-at="2023-06-02T11:57:45 IST" name="checkmethod" finished-at="2023-06-02T11:57:45 IST" duration-ms="1" status="PASS">
          <reporter-output>
          </reporter-output>
        </test-method> <!-- checkmethod -->
        <test-method signature="executescroll5()[pri:1, instance:testng.suite.automation2.Scroll1@2f217633]" started-at="2023-06-02T11:57:45 IST" name="executescroll5" description="Executing scroll" finished-at="2023-06-02T11:57:45 IST" duration-ms="2" status="PASS">
          <reporter-output>
          </reporter-output>
        </test-method> <!-- executescroll5 -->
        <test-method signature="executescroll2()[pri:2, instance:testng.suite.automation2.Scroll1@2f217633]" started-at="2023-06-02T11:57:45 IST" name="executescroll2" description="Executing scroll" finished-at="2023-06-02T11:57:45 IST" duration-ms="4" status="PASS">
          <reporter-output>
          </reporter-output>
        </test-method> <!-- executescroll2 -->
        <test-method is-config="true" signature="checkaftermethod()[pri:0, instance:testng.suite.automation2.Scroll1@2f217633]" started-at="2023-06-02T11:57:45 IST" name="checkaftermethod" finished-at="2023-06-02T11:57:45 IST" duration-ms="2" status="PASS">
          <reporter-output>
          </reporter-output>
        </test-method> <!-- checkaftermethod -->
        <test-method is-config="true" signature="checkaftermethod()[pri:0, instance:testng.suite.automation2.Scroll1@2f217633]" started-at="2023-06-02T11:57:45 IST" name="checkaftermethod" finished-at="2023-06-02T11:57:45 IST" duration-ms="0" status="PASS">
          <reporter-output>
          </reporter-output>
        </test-method> <!-- checkaftermethod -->
        <test-method is-config="true" signature="checkafterclass()[pri:0, instance:testng.suite.automation2.Scroll1@2f217633]" started-at="2023-06-02T11:57:45 IST" name="checkafterclass" finished-at="2023-06-02T11:57:45 IST" duration-ms="0" status="PASS">
          <reporter-output>
          </reporter-output>
        </test-method> <!-- checkafterclass -->
        <test-method is-config="true" signature="validateTestStatus()[pri:0, instance:testng.suite.automation2.Scroll1@2f217633]" started-at="2023-06-02T11:57:45 IST" name="validateTestStatus" finished-at="2023-06-02T11:57:45 IST" duration-ms="2" status="PASS">
          <reporter-output>
          </reporter-output>
        </test-method> <!-- validateTestStatus -->
        <test-method is-config="true" signature="checkafftersuite()[pri:0, instance:testng.suite.automation2.Scroll1@2f217633]" started-at="2023-06-02T11:57:46 IST" name="checkafftersuite" finished-at="2023-06-02T11:57:46 IST" duration-ms="3" status="PASS">
          <reporter-output>
          </reporter-output>
        </test-method> <!-- checkafftersuite -->
      </class> <!-- testng.suite.automation2.Scroll1 -->
    </test> <!-- Test -->
  </suite> <!-- Suite -->
</testng-results>
